# JRE version: Java(TM) SE Runtime Environment (24.0.1+9) (build 24.0.1+9-30)
# Java VM: Java HotSpot(TM) 64-Bit Server VM (24.0.1+9-30, mixed mode, sharing, tiered, compressed oops, compressed class ptrs, parallel gc, windows-amd64)
GC Precious Log:
 CardTable entry size: 512
 CPUs: 12 total, 12 available
 Memory: 16322M
 Large Page Support: Disabled
 NUMA Support: Disabled
 Compressed Oops: Enabled (32-bit)
 Alignments: Space 512K, Generation 512K, Heap 2M
 Heap Min Capacity: 100M
 Heap Initial Capacity: 100M
 Heap Max Capacity: 2G
 Pre-touch: Disabled
 Parallel Workers: 10
Heap:
 PSYoungGen      total 33280K, used 3683K [0x00000000d5580000, 0x00000000d7680000, 0x0000000100000000)
  eden space 32768K, 10% used [0x00000000d5580000,0x00000000d58e8c70,0x00000000d7580000)
  from space 512K, 37% used [0x00000000d7580000,0x00000000d75b0000,0x00000000d7600000)
  to   space 512K, 0% used [0x00000000d7600000,0x00000000d7600000,0x00000000d7680000)
 ParOldGen       total 301056K, used 300746K [0x0000000080000000, 0x0000000092600000, 0x00000000d5580000)
  object space 301056K, 99% used [0x0000000080000000,0x00000000925b2968,0x0000000092600000)
 Metaspace       used 78648K, committed 80192K, reserved 1179648K
  class space    used 7264K, committed 7936K, reserved 1048576K
GC Heap History (20 events):
Event: 287.153 GC heap before
{Heap before GC invocations=75 (full 3):
 PSYoungGen      total 27648K, used 27204K [0x00000000d5580000, 0x00000000d8080000, 0x0000000100000000)
  eden space 15360K, 99% used [0x00000000d5580000,0x00000000d647f5b0,0x00000000d6480000)
  from space 12288K, 96% used [0x00000000d6480000,0x00000000d7011bb0,0x00000000d7080000)
  to   space 14336K, 0% used [0x00000000d7280000,0x00000000d7280000,0x00000000d8080000)
 ParOldGen       total 231936K, used 231272K [0x0000000080000000, 0x000000008e280000, 0x00000000d5580000)
  object space 231936K, 99% used [0x0000000080000000,0x000000008e1da398,0x000000008e280000)
 Metaspace       used 77846K, committed 79360K, reserved 1179648K
  class space    used 7223K, committed 7872K, reserved 1048576K
}
Event: 287.156 GC heap after
{Heap after GC invocations=75 (full 3):
 PSYoungGen      total 24576K, used 2400K [0x00000000d5580000, 0x00000000d7680000, 0x0000000100000000)
  eden space 20480K, 0% used [0x00000000d5580000,0x00000000d5580000,0x00000000d6980000)
  from space 4096K, 58% used [0x00000000d7280000,0x00000000d74d8000,0x00000000d7680000)
  to   space 6656K, 0% used [0x00000000d6980000,0x00000000d6980000,0x00000000d7000000)
 ParOldGen       total 239616K, used 239232K [0x0000000080000000, 0x000000008ea00000, 0x00000000d5580000)
  object space 239616K, 99% used [0x0000000080000000,0x000000008e9a0168,0x000000008ea00000)
 Metaspace       used 77846K, committed 79360K, reserved 1179648K
  class space    used 7223K, committed 7872K, reserved 1048576K
}
Event: 288.166 GC heap before
{Heap before GC invocations=76 (full 3):
 PSYoungGen      total 24576K, used 22701K [0x00000000d5580000, 0x00000000d7680000, 0x0000000100000000)
  eden space 20480K, 99% used [0x00000000d5580000,0x00000000d6953750,0x00000000d6980000)
  from space 4096K, 58% used [0x00000000d7280000,0x00000000d74d8000,0x00000000d7680000)
  to   space 6656K, 0% used [0x00000000d6980000,0x00000000d6980000,0x00000000d7000000)
 ParOldGen       total 239616K, used 239232K [0x0000000080000000, 0x000000008ea00000, 0x00000000d5580000)
  object space 239616K, 99% used [0x0000000080000000,0x000000008e9a0168,0x000000008ea00000)
 Metaspace       used 77926K, committed 79424K, reserved 1179648K
  class space    used 7223K, committed 7872K, reserved 1048576K
}
Event: 288.167 GC heap after
{Heap after GC invocations=76 (full 3):
 PSYoungGen      total 27136K, used 1060K [0x00000000d5580000, 0x00000000d7680000, 0x0000000100000000)
  eden space 20480K, 0% used [0x00000000d5580000,0x00000000d5580000,0x00000000d6980000)
  from space 6656K, 15% used [0x00000000d6980000,0x00000000d6a89230,0x00000000d7000000)
  to   space 2560K, 0% used [0x00000000d7400000,0x00000000d7400000,0x00000000d7680000)
 ParOldGen       total 241664K, used 241473K [0x0000000080000000, 0x000000008ec00000, 0x00000000d5580000)
  object space 241664K, 99% used [0x0000000080000000,0x000000008ebd06d8,0x000000008ec00000)
 Metaspace       used 77926K, committed 79424K, reserved 1179648K
  class space    used 7223K, committed 7872K, reserved 1048576K
}
Event: 288.202 GC heap before
{Heap before GC invocations=77 (full 3):
 PSYoungGen      total 27136K, used 20873K [0x00000000d5580000, 0x00000000d7680000, 0x0000000100000000)
  eden space 20480K, 96% used [0x00000000d5580000,0x00000000d68d93d0,0x00000000d6980000)
  from space 6656K, 15% used [0x00000000d6980000,0x00000000d6a89230,0x00000000d7000000)
  to   space 2560K, 0% used [0x00000000d7400000,0x00000000d7400000,0x00000000d7680000)
 ParOldGen       total 241664K, used 241473K [0x0000000080000000, 0x000000008ec00000, 0x00000000d5580000)
  object space 241664K, 99% used [0x0000000080000000,0x000000008ebd06d8,0x000000008ec00000)
 Metaspace       used 77932K, committed 79424K, reserved 1179648K
  class space    used 7223K, committed 7872K, reserved 1048576K
}
Event: 288.208 GC heap after
{Heap after GC invocations=77 (full 3):
 PSYoungGen      total 13312K, used 2539K [0x00000000d5580000, 0x00000000d9180000, 0x0000000100000000)
  eden space 10752K, 0% used [0x00000000d5580000,0x00000000d5580000,0x00000000d6000000)
  from space 2560K, 99% used [0x00000000d7400000,0x00000000d767adf0,0x00000000d7680000)
  to   space 20480K, 0% used [0x00000000d6000000,0x00000000d6000000,0x00000000d7400000)
 ParOldGen       total 256512K, used 256295K [0x0000000080000000, 0x000000008fa80000, 0x00000000d5580000)
  object space 256512K, 99% used [0x0000000080000000,0x000000008fa49c08,0x000000008fa80000)
 Metaspace       used 77932K, committed 79424K, reserved 1179648K
  class space    used 7223K, committed 7872K, reserved 1048576K
}
Event: 288.260 GC heap before
{Heap before GC invocations=78 (full 3):
 PSYoungGen      total 13312K, used 13291K [0x00000000d5580000, 0x00000000d9180000, 0x0000000100000000)
  eden space 10752K, 100% used [0x00000000d5580000,0x00000000d6000000,0x00000000d6000000)
  from space 2560K, 99% used [0x00000000d7400000,0x00000000d767adf0,0x00000000d7680000)
  to   space 20480K, 0% used [0x00000000d6000000,0x00000000d6000000,0x00000000d7400000)
 ParOldGen       total 256512K, used 256295K [0x0000000080000000, 0x000000008fa80000, 0x00000000d5580000)
  object space 256512K, 99% used [0x0000000080000000,0x000000008fa49c08,0x000000008fa80000)
 Metaspace       used 77932K, committed 79424K, reserved 1179648K
  class space    used 7223K, committed 7872K, reserved 1048576K
}
Event: 288.263 GC heap after
{Heap after GC invocations=78 (full 3):
 PSYoungGen      total 22016K, used 10914K [0x00000000d5580000, 0x00000000d7a00000, 0x0000000100000000)
  eden space 10752K, 0% used [0x00000000d5580000,0x00000000d5580000,0x00000000d6000000)
  from space 11264K, 96% used [0x00000000d6000000,0x00000000d6aa8ba0,0x00000000d6b00000)
  to   space 13312K, 0% used [0x00000000d6d00000,0x00000000d6d00000,0x00000000d7a00000)
 ParOldGen       total 258560K, used 258118K [0x0000000080000000, 0x000000008fc80000, 0x00000000d5580000)
  object space 258560K, 99% used [0x0000000080000000,0x000000008fc119f8,0x000000008fc80000)
 Metaspace       used 77932K, committed 79424K, reserved 1179648K
  class space    used 7223K, committed 7872K, reserved 1048576K
}
Event: 288.348 GC heap before
{Heap before GC invocations=79 (full 3):
 PSYoungGen      total 22016K, used 21666K [0x00000000d5580000, 0x00000000d7a00000, 0x0000000100000000)
  eden space 10752K, 99% used [0x00000000d5580000,0x00000000d5fffff0,0x00000000d6000000)
  from space 11264K, 96% used [0x00000000d6000000,0x00000000d6aa8ba0,0x00000000d6b00000)
  to   space 13312K, 0% used [0x00000000d6d00000,0x00000000d6d00000,0x00000000d7a00000)
 ParOldGen       total 290304K, used 288838K [0x0000000080000000, 0x0000000091b80000, 0x00000000d5580000)
  object space 290304K, 99% used [0x0000000080000000,0x0000000091a11a28,0x0000000091b80000)
 Metaspace       used 77996K, committed 79488K, reserved 1179648K
  class space    used 7224K, committed 7872K, reserved 1048576K
}
Event: 288.351 GC heap after
{Heap after GC invocations=79 (full 3):
 PSYoungGen      total 28160K, used 1952K [0x00000000d5580000, 0x00000000d7680000, 0x0000000100000000)
  eden space 18432K, 0% used [0x00000000d5580000,0x00000000d5580000,0x00000000d6780000)
  from space 9728K, 20% used [0x00000000d6d00000,0x00000000d6ee8000,0x00000000d7680000)
  to   space 5632K, 0% used [0x00000000d6780000,0x00000000d6780000,0x00000000d6d00000)
 ParOldGen       total 299008K, used 298625K [0x0000000080000000, 0x0000000092400000, 0x00000000d5580000)
  object space 299008K, 99% used [0x0000000080000000,0x00000000923a07f8,0x0000000092400000)
 Metaspace       used 77996K, committed 79488K, reserved 1179648K
  class space    used 7224K, committed 7872K, reserved 1048576K
}
Event: 292.326 GC heap before
{Heap before GC invocations=80 (full 3):
 PSYoungGen      total 28160K, used 20384K [0x00000000d5580000, 0x00000000d7680000, 0x0000000100000000)
  eden space 18432K, 100% used [0x00000000d5580000,0x00000000d6780000,0x00000000d6780000)
  from space 9728K, 20% used [0x00000000d6d00000,0x00000000d6ee8000,0x00000000d7680000)
  to   space 5632K, 0% used [0x00000000d6780000,0x00000000d6780000,0x00000000d6d00000)
 ParOldGen       total 299008K, used 298625K [0x0000000080000000, 0x0000000092400000, 0x00000000d5580000)
  object space 299008K, 99% used [0x0000000080000000,0x00000000923a07f8,0x0000000092400000)
 Metaspace       used 78137K, committed 79616K, reserved 1179648K
  class space    used 7231K, committed 7872K, reserved 1048576K
}
Event: 292.327 GC heap after
{Heap after GC invocations=80 (full 3):
 PSYoungGen      total 24064K, used 384K [0x00000000d5580000, 0x00000000d7680000, 0x0000000100000000)
  eden space 18432K, 0% used [0x00000000d5580000,0x00000000d5580000,0x00000000d6780000)
  from space 5632K, 6% used [0x00000000d6780000,0x00000000d67e0020,0x00000000d6d00000)
  to   space 2048K, 0% used [0x00000000d7480000,0x00000000d7480000,0x00000000d7680000)
 ParOldGen       total 300544K, used 300386K [0x0000000080000000, 0x0000000092580000, 0x00000000d5580000)
  object space 300544K, 99% used [0x0000000080000000,0x0000000092558968,0x0000000092580000)
 Metaspace       used 78137K, committed 79616K, reserved 1179648K
  class space    used 7231K, committed 7872K, reserved 1048576K
}
Event: 298.143 GC heap before
{Heap before GC invocations=81 (full 3):
 PSYoungGen      total 24064K, used 18816K [0x00000000d5580000, 0x00000000d7680000, 0x0000000100000000)
  eden space 18432K, 100% used [0x00000000d5580000,0x00000000d6780000,0x00000000d6780000)
  from space 5632K, 6% used [0x00000000d6780000,0x00000000d67e0020,0x00000000d6d00000)
  to   space 2048K, 0% used [0x00000000d7480000,0x00000000d7480000,0x00000000d7680000)
 ParOldGen       total 300544K, used 300386K [0x0000000080000000, 0x0000000092580000, 0x00000000d5580000)
  object space 300544K, 99% used [0x0000000080000000,0x0000000092558968,0x0000000092580000)
 Metaspace       used 78198K, committed 79680K, reserved 1179648K
  class space    used 7235K, committed 7872K, reserved 1048576K
}
Event: 298.143 GC heap after
{Heap after GC invocations=81 (full 3):
 PSYoungGen      total 32768K, used 384K [0x00000000d5580000, 0x00000000d7680000, 0x0000000100000000)
  eden space 30720K, 0% used [0x00000000d5580000,0x00000000d5580000,0x00000000d7380000)
  from space 2048K, 18% used [0x00000000d7480000,0x00000000d74e0020,0x00000000d7680000)
  to   space 1024K, 0% used [0x00000000d7380000,0x00000000d7380000,0x00000000d7480000)
 ParOldGen       total 300544K, used 300450K [0x0000000080000000, 0x0000000092580000, 0x00000000d5580000)
  object space 300544K, 99% used [0x0000000080000000,0x0000000092568968,0x0000000092580000)
 Metaspace       used 78198K, committed 79680K, reserved 1179648K
  class space    used 7235K, committed 7872K, reserved 1048576K
}
Event: 585.265 GC heap before
{Heap before GC invocations=82 (full 3):
 PSYoungGen      total 32768K, used 31104K [0x00000000d5580000, 0x00000000d7680000, 0x0000000100000000)
  eden space 30720K, 100% used [0x00000000d5580000,0x00000000d7380000,0x00000000d7380000)
  from space 2048K, 18% used [0x00000000d7480000,0x00000000d74e0020,0x00000000d7680000)
  to   space 1024K, 0% used [0x00000000d7380000,0x00000000d7380000,0x00000000d7480000)
 ParOldGen       total 300544K, used 300450K [0x0000000080000000, 0x0000000092580000, 0x00000000d5580000)
  object space 300544K, 99% used [0x0000000080000000,0x0000000092568968,0x0000000092580000)
 Metaspace       used 78299K, committed 79808K, reserved 1179648K
  class space    used 7239K, committed 7872K, reserved 1048576K
}
Event: 585.266 GC heap after
{Heap after GC invocations=82 (full 3):
 PSYoungGen      total 31744K, used 320K [0x00000000d5580000, 0x00000000d7680000, 0x0000000100000000)
  eden space 30720K, 0% used [0x00000000d5580000,0x00000000d5580000,0x00000000d7380000)
  from space 1024K, 31% used [0x00000000d7380000,0x00000000d73d0000,0x00000000d7480000)
  to   space 512K, 0% used [0x00000000d7600000,0x00000000d7600000,0x00000000d7680000)
 ParOldGen       total 300544K, used 300514K [0x0000000080000000, 0x0000000092580000, 0x00000000d5580000)
  object space 300544K, 99% used [0x0000000080000000,0x0000000092578968,0x0000000092580000)
 Metaspace       used 78299K, committed 79808K, reserved 1179648K
  class space    used 7239K, committed 7872K, reserved 1048576K
}
Event: 55728.248 GC heap before
{Heap before GC invocations=83 (full 3):
 PSYoungGen      total 31744K, used 31040K [0x00000000d5580000, 0x00000000d7680000, 0x0000000100000000)
  eden space 30720K, 100% used [0x00000000d5580000,0x00000000d7380000,0x00000000d7380000)
  from space 1024K, 31% used [0x00000000d7380000,0x00000000d73d0000,0x00000000d7480000)
  to   space 512K, 0% used [0x00000000d7600000,0x00000000d7600000,0x00000000d7680000)
 ParOldGen       total 300544K, used 300514K [0x0000000080000000, 0x0000000092580000, 0x00000000d5580000)
  object space 300544K, 99% used [0x0000000080000000,0x0000000092578968,0x0000000092580000)
 Metaspace       used 78604K, committed 80064K, reserved 1179648K
  class space    used 7261K, committed 7872K, reserved 1048576K
}
Event: 55728.317 GC heap after
{Heap after GC invocations=83 (full 3):
 PSYoungGen      total 33280K, used 320K [0x00000000d5580000, 0x00000000d7680000, 0x0000000100000000)
  eden space 32768K, 0% used [0x00000000d5580000,0x00000000d5580000,0x00000000d7580000)
  from space 512K, 62% used [0x00000000d7600000,0x00000000d7650000,0x00000000d7680000)
  to   space 512K, 0% used [0x00000000d7580000,0x00000000d7580000,0x00000000d7600000)
 ParOldGen       total 301056K, used 300586K [0x0000000080000000, 0x0000000092600000, 0x00000000d5580000)
  object space 301056K, 99% used [0x0000000080000000,0x000000009258a968,0x0000000092600000)
 Metaspace       used 78604K, committed 80064K, reserved 1179648K
  class space    used 7261K, committed 7872K, reserved 1048576K
}
Event: 76632.375 GC heap before
{Heap before GC invocations=84 (full 3):
 PSYoungGen      total 33280K, used 33087K [0x00000000d5580000, 0x00000000d7680000, 0x0000000100000000)
  eden space 32768K, 99% used [0x00000000d5580000,0x00000000d757fff0,0x00000000d7580000)
  from space 512K, 62% used [0x00000000d7600000,0x00000000d7650000,0x00000000d7680000)
  to   space 512K, 0% used [0x00000000d7580000,0x00000000d7580000,0x00000000d7600000)
 ParOldGen       total 301056K, used 300586K [0x0000000080000000, 0x0000000092600000, 0x00000000d5580000)
  object space 301056K, 99% used [0x0000000080000000,0x000000009258a968,0x0000000092600000)
 Metaspace       used 78643K, committed 80192K, reserved 1179648K
  class space    used 7264K, committed 7936K, reserved 1048576K
}
Event: 76632.378 GC heap after
{Heap after GC invocations=84 (full 3):
 PSYoungGen      total 33280K, used 192K [0x00000000d5580000, 0x00000000d7680000, 0x0000000100000000)
  eden space 32768K, 0% used [0x00000000d5580000,0x00000000d5580000,0x00000000d7580000)
  from space 512K, 37% used [0x00000000d7580000,0x00000000d75b0000,0x00000000d7600000)
  to   space 512K, 0% used [0x00000000d7600000,0x00000000d7600000,0x00000000d7680000)
 ParOldGen       total 301056K, used 300746K [0x0000000080000000, 0x0000000092600000, 0x00000000d5580000)
  object space 301056K, 99% used [0x0000000080000000,0x00000000925b2968,0x0000000092600000)
 Metaspace       used 78643K, committed 80192K, reserved 1179648K
  class space    used 7264K, committed 7936K, reserved 1048576K
}

